{"/Users/jarivancauwenberghe/Desktop/webservices/2025/frontendweb-2425-jarivancauwenberghe-1/config/custom-environment-variables.js": {"path":"/Users/jarivancauwenberghe/Desktop/webservices/2025/frontendweb-2425-jarivancauwenberghe-1/config/custom-environment-variables.js","statementMap":{"0":{"start":{"line":1,"column":0},"end":{"line":16,"column":2}}},"fnMap":{},"branchMap":{},"s":{"0":3},"f":{},"b":{},"inputSourceMap":null,"_coverageSchema":"1a1c01bbd47fc00a2c39e90264f33305004495a9","hash":"ad1219804fbb9cacc04ac6f0d5c6a1d6836a82cf"}
,"/Users/jarivancauwenberghe/Desktop/webservices/2025/frontendweb-2425-jarivancauwenberghe-1/config/default.js": {"path":"/Users/jarivancauwenberghe/Desktop/webservices/2025/frontendweb-2425-jarivancauwenberghe-1/config/default.js","statementMap":{"0":{"start":{"line":1,"column":0},"end":{"line":20,"column":2}}},"fnMap":{},"branchMap":{},"s":{"0":3},"f":{},"b":{},"inputSourceMap":null,"_coverageSchema":"1a1c01bbd47fc00a2c39e90264f33305004495a9","hash":"f6348b230beb0f8d43e69a92f61a4534139e4c33"}
,"/Users/jarivancauwenberghe/Desktop/webservices/2025/frontendweb-2425-jarivancauwenberghe-1/config/test.js": {"path":"/Users/jarivancauwenberghe/Desktop/webservices/2025/frontendweb-2425-jarivancauwenberghe-1/config/test.js","statementMap":{"0":{"start":{"line":1,"column":0},"end":{"line":10,"column":2}}},"fnMap":{},"branchMap":{},"s":{"0":3},"f":{},"b":{},"inputSourceMap":null,"_coverageSchema":"1a1c01bbd47fc00a2c39e90264f33305004495a9","hash":"d3f44b366adafe4a7f7a55d8d7d560305043d321"}
,"/Users/jarivancauwenberghe/Desktop/webservices/2025/frontendweb-2425-jarivancauwenberghe-1/src/core/errorMiddleware.ts": {"path":"/Users/jarivancauwenberghe/Desktop/webservices/2025/frontendweb-2425-jarivancauwenberghe-1/src/core/errorMiddleware.ts","statementMap":{"0":{"start":{"line":2,"column":0},"end":{"line":2,"column":30}},"1":{"start":{"line":3,"column":0},"end":{"line":3,"column":46}},"2":{"start":{"line":5,"column":31},"end":{"line":18,"column":1}},"3":{"start":{"line":6,"column":4},"end":{"line":12,"column":null}},"4":{"start":{"line":7,"column":8},"end":{"line":7,"column":58}},"5":{"start":{"line":8,"column":11},"end":{"line":12,"column":null}},"6":{"start":{"line":9,"column":8},"end":{"line":9,"column":88}},"7":{"start":{"line":11,"column":8},"end":{"line":11,"column":67}},"8":{"start":{"line":14,"column":4},"end":{"line":17,"column":7}},"9":{"start":{"line":5,"column":13},"end":{"line":5,"column":31}}},"fnMap":{"0":{"name":"(anonymous_1)","decl":{"start":{"line":5,"column":31},"end":{"line":5,"column":32}},"loc":{"start":{"line":5,"column":93},"end":{"line":18,"column":1}}}},"branchMap":{"0":{"loc":{"start":{"line":6,"column":4},"end":{"line":12,"column":null}},"type":"if","locations":[{"start":{"line":6,"column":4},"end":{"line":12,"column":null}},{"start":{"line":8,"column":11},"end":{"line":12,"column":null}}]},"1":{"loc":{"start":{"line":8,"column":11},"end":{"line":12,"column":null}},"type":"if","locations":[{"start":{"line":8,"column":11},"end":{"line":12,"column":null}},{"start":{"line":10,"column":11},"end":{"line":12,"column":null}}]},"2":{"loc":{"start":{"line":14,"column":15},"end":{"line":14,"column":36}},"type":"binary-expr","locations":[{"start":{"line":14,"column":15},"end":{"line":14,"column":29}},{"start":{"line":14,"column":33},"end":{"line":14,"column":36}}]},"3":{"loc":{"start":{"line":15,"column":17},"end":{"line":15,"column":55}},"type":"binary-expr","locations":[{"start":{"line":15,"column":17},"end":{"line":15,"column":28}},{"start":{"line":15,"column":32},"end":{"line":15,"column":55}}]},"4":{"loc":{"start":{"line":16,"column":17},"end":{"line":16,"column":41}},"type":"binary-expr","locations":[{"start":{"line":16,"column":17},"end":{"line":16,"column":28}},{"start":{"line":16,"column":32},"end":{"line":16,"column":41}}]}},"s":{"0":3,"1":3,"2":3,"3":0,"4":0,"5":0,"6":0,"7":0,"8":0,"9":3},"f":{"0":0},"b":{"0":[0,0],"1":[0,0],"2":[0,0],"3":[0,0],"4":[0,0]}}
,"/Users/jarivancauwenberghe/Desktop/webservices/2025/frontendweb-2425-jarivancauwenberghe-1/src/core/index.ts": {"path":"/Users/jarivancauwenberghe/Desktop/webservices/2025/frontendweb-2425-jarivancauwenberghe-1/src/core/index.ts","statementMap":{"0":{"start":{"line":1,"column":0},"end":{"line":1,"column":30}},"1":{"start":{"line":2,"column":0},"end":{"line":2,"column":37}},"2":{"start":{"line":3,"column":0},"end":{"line":3,"column":24}},"3":{"start":{"line":4,"column":0},"end":{"line":4,"column":28}},"4":{"start":{"line":5,"column":0},"end":{"line":5,"column":58}},"5":{"start":{"line":6,"column":0},"end":{"line":6,"column":60}},"6":{"start":{"line":7,"column":0},"end":{"line":7,"column":56}},"7":{"start":{"line":8,"column":0},"end":{"line":8,"column":71}},"8":{"start":{"line":9,"column":0},"end":{"line":9,"column":52}},"9":{"start":{"line":10,"column":0},"end":{"line":10,"column":30}},"10":{"start":{"line":12,"column":17},"end":{"line":12,"column":34}},"11":{"start":{"line":13,"column":18},"end":{"line":13,"column":41}},"12":{"start":{"line":14,"column":21},"end":{"line":14,"column":47}},"13":{"start":{"line":16,"column":12},"end":{"line":16,"column":21}},"14":{"start":{"line":74,"column":22},"end":{"line":74,"column":25}},"15":{"start":{"line":18,"column":0},"end":{"line":18,"column":27}},"16":{"start":{"line":19,"column":0},"end":{"line":19,"column":16}},"17":{"start":{"line":20,"column":0},"end":{"line":20,"column":25}},"18":{"start":{"line":23,"column":0},"end":{"line":23,"column":50}},"19":{"start":{"line":24,"column":0},"end":{"line":24,"column":57}},"20":{"start":{"line":25,"column":0},"end":{"line":25,"column":53}},"21":{"start":{"line":26,"column":0},"end":{"line":26,"column":60}},"22":{"start":{"line":27,"column":0},"end":{"line":27,"column":63}},"23":{"start":{"line":29,"column":0},"end":{"line":29,"column":53}},"24":{"start":{"line":30,"column":0},"end":{"line":30,"column":60}},"25":{"start":{"line":31,"column":0},"end":{"line":31,"column":56}},"26":{"start":{"line":32,"column":0},"end":{"line":32,"column":63}},"27":{"start":{"line":33,"column":0},"end":{"line":33,"column":66}},"28":{"start":{"line":35,"column":0},"end":{"line":35,"column":47}},"29":{"start":{"line":36,"column":0},"end":{"line":36,"column":54}},"30":{"start":{"line":37,"column":0},"end":{"line":37,"column":50}},"31":{"start":{"line":38,"column":0},"end":{"line":38,"column":57}},"32":{"start":{"line":39,"column":0},"end":{"line":39,"column":60}},"33":{"start":{"line":41,"column":20},"end":{"line":64,"column":1}},"34":{"start":{"line":42,"column":15},"end":{"line":42,"column":53}},"35":{"start":{"line":44,"column":2},"end":{"line":46,"column":null}},"36":{"start":{"line":45,"column":4},"end":{"line":45,"column":33}},"37":{"start":{"line":48,"column":17},"end":{"line":50,"column":4}},"38":{"start":{"line":49,"column":4},"end":{"line":49,"column":67}},"39":{"start":{"line":52,"column":19},"end":{"line":57,"column":3}},"40":{"start":{"line":53,"column":4},"end":{"line":53,"column":31}},"41":{"start":{"line":54,"column":4},"end":{"line":56,"column":7}},"42":{"start":{"line":55,"column":6},"end":{"line":55,"column":70}},"43":{"start":{"line":60,"column":2},"end":{"line":60,"column":33}},"44":{"start":{"line":61,"column":2},"end":{"line":61,"column":34}},"45":{"start":{"line":63,"column":2},"end":{"line":63,"column":16}},"46":{"start":{"line":74,"column":9},"end":{"line":74,"column":20}},"47":{"start":{"line":67,"column":0},"end":{"line":72,"column":null}},"48":{"start":{"line":68,"column":2},"end":{"line":71,"column":5}},"49":{"start":{"line":69,"column":4},"end":{"line":69,"column":54}},"50":{"start":{"line":70,"column":4},"end":{"line":70,"column":20}}},"fnMap":{"0":{"name":"(anonymous_1)","decl":{"start":{"line":41,"column":20},"end":{"line":41,"column":25}},"loc":{"start":{"line":41,"column":31},"end":{"line":64,"column":1}}},"1":{"name":"(anonymous_2)","decl":{"start":{"line":48,"column":34},"end":{"line":48,"column":37}},"loc":{"start":{"line":48,"column":39},"end":{"line":50,"column":3}}},"2":{"name":"(anonymous_3)","decl":{"start":{"line":52,"column":19},"end":{"line":52,"column":24}},"loc":{"start":{"line":52,"column":30},"end":{"line":57,"column":3}}},"3":{"name":"(anonymous_4)","decl":{"start":{"line":54,"column":17},"end":{"line":54,"column":20}},"loc":{"start":{"line":54,"column":22},"end":{"line":56,"column":5}}},"4":{"name":"(anonymous_5)","decl":{"start":{"line":68,"column":22},"end":{"line":68,"column":27}},"loc":{"start":{"line":68,"column":30},"end":{"line":71,"column":3}}}},"branchMap":{"0":{"loc":{"start":{"line":42,"column":15},"end":{"line":42,"column":53}},"type":"binary-expr","locations":[{"start":{"line":42,"column":15},"end":{"line":42,"column":31}},{"start":{"line":42,"column":35},"end":{"line":42,"column":53}}]},"1":{"loc":{"start":{"line":44,"column":2},"end":{"line":46,"column":null}},"type":"if","locations":[{"start":{"line":44,"column":2},"end":{"line":46,"column":null}}]},"2":{"loc":{"start":{"line":67,"column":0},"end":{"line":72,"column":null}},"type":"if","locations":[{"start":{"line":67,"column":0},"end":{"line":72,"column":null}}]}},"s":{"0":3,"1":3,"2":3,"3":3,"4":3,"5":3,"6":3,"7":3,"8":3,"9":3,"10":3,"11":3,"12":3,"13":3,"14":3,"15":3,"16":3,"17":3,"18":3,"19":3,"20":3,"21":3,"22":3,"23":3,"24":3,"25":3,"26":3,"27":3,"28":3,"29":3,"30":3,"31":3,"32":3,"33":3,"34":3,"35":3,"36":3,"37":0,"38":0,"39":0,"40":0,"41":0,"42":0,"43":0,"44":0,"45":0,"46":3,"47":3,"48":0,"49":0,"50":0},"f":{"0":3,"1":0,"2":0,"3":0,"4":0},"b":{"0":[3,0],"1":[3],"2":[0]}}
,"/Users/jarivancauwenberghe/Desktop/webservices/2025/frontendweb-2425-jarivancauwenberghe-1/src/core/logger.ts": {"path":"/Users/jarivancauwenberghe/Desktop/webservices/2025/frontendweb-2425-jarivancauwenberghe-1/src/core/logger.ts","statementMap":{"0":{"start":{"line":1,"column":0},"end":{"line":1,"column":59}},"1":{"start":{"line":2,"column":0},"end":{"line":2,"column":28}},"2":{"start":{"line":4,"column":15},"end":{"line":19,"column":2}},"3":{"start":{"line":8,"column":57},"end":{"line":8,"column":92}},"4":{"start":{"line":14,"column":65},"end":{"line":14,"column":100}},"5":{"start":{"line":21,"column":0},"end":{"line":21,"column":22}}},"fnMap":{"0":{"name":"(anonymous_1)","decl":{"start":{"line":8,"column":22},"end":{"line":8,"column":23}},"loc":{"start":{"line":8,"column":57},"end":{"line":8,"column":92}}},"1":{"name":"(anonymous_2)","decl":{"start":{"line":14,"column":30},"end":{"line":14,"column":31}},"loc":{"start":{"line":14,"column":65},"end":{"line":14,"column":100}}}},"branchMap":{"0":{"loc":{"start":{"line":5,"column":11},"end":{"line":5,"column":52}},"type":"binary-expr","locations":[{"start":{"line":5,"column":11},"end":{"line":5,"column":42}},{"start":{"line":5,"column":46},"end":{"line":5,"column":52}}]}},"s":{"0":3,"1":3,"2":3,"3":0,"4":0,"5":3},"f":{"0":0,"1":0},"b":{"0":[3,0]}}
,"/Users/jarivancauwenberghe/Desktop/webservices/2025/frontendweb-2425-jarivancauwenberghe-1/src/core/serviceError.ts": {"path":"/Users/jarivancauwenberghe/Desktop/webservices/2025/frontendweb-2425-jarivancauwenberghe-1/src/core/serviceError.ts","statementMap":{"0":{"start":{"line":8,"column":8},"end":{"line":8,"column":23}},"1":{"start":{"line":9,"column":8},"end":{"line":9,"column":37}},"2":{"start":{"line":10,"column":8},"end":{"line":10,"column":31}},"3":{"start":{"line":14,"column":8},"end":{"line":14,"column":55}},"4":{"start":{"line":18,"column":8},"end":{"line":18,"column":46}},"5":{"start":{"line":22,"column":8},"end":{"line":22,"column":46}},"6":{"start":{"line":26,"column":8},"end":{"line":26,"column":46}},"7":{"start":{"line":30,"column":8},"end":{"line":32,"column":null}},"8":{"start":{"line":31,"column":12},"end":{"line":31,"column":99}},"9":{"start":{"line":33,"column":8},"end":{"line":33,"column":74}},"10":{"start":{"line":3,"column":0},"end":{"line":3,"column":13}}},"fnMap":{"0":{"name":"(anonymous_0)","decl":{"start":{"line":7,"column":4},"end":{"line":7,"column":24}},"loc":{"start":{"line":7,"column":74},"end":{"line":11,"column":5}}},"1":{"name":"(anonymous_1)","decl":{"start":{"line":13,"column":4},"end":{"line":13,"column":10}},"loc":{"start":{"line":13,"column":58},"end":{"line":15,"column":5}}},"2":{"name":"(anonymous_2)","decl":{"start":{"line":17,"column":4},"end":{"line":17,"column":10}},"loc":{"start":{"line":17,"column":35},"end":{"line":19,"column":5}}},"3":{"name":"(anonymous_3)","decl":{"start":{"line":21,"column":4},"end":{"line":21,"column":10}},"loc":{"start":{"line":21,"column":36},"end":{"line":23,"column":5}}},"4":{"name":"(anonymous_4)","decl":{"start":{"line":25,"column":4},"end":{"line":25,"column":10}},"loc":{"start":{"line":25,"column":40},"end":{"line":27,"column":5}}},"5":{"name":"(anonymous_5)","decl":{"start":{"line":29,"column":4},"end":{"line":29,"column":10}},"loc":{"start":{"line":29,"column":46},"end":{"line":34,"column":5}}}},"branchMap":{"0":{"loc":{"start":{"line":30,"column":8},"end":{"line":32,"column":null}},"type":"if","locations":[{"start":{"line":30,"column":8},"end":{"line":32,"column":null}}]}},"s":{"0":0,"1":0,"2":0,"3":0,"4":0,"5":0,"6":0,"7":0,"8":0,"9":0,"10":3},"f":{"0":0,"1":0,"2":0,"3":0,"4":0,"5":0},"b":{"0":[0]}}
,"/Users/jarivancauwenberghe/Desktop/webservices/2025/frontendweb-2425-jarivancauwenberghe-1/src/core/validationMiddleware.ts": {"path":"/Users/jarivancauwenberghe/Desktop/webservices/2025/frontendweb-2425-jarivancauwenberghe-1/src/core/validationMiddleware.ts","statementMap":{"0":{"start":{"line":2,"column":0},"end":{"line":2,"column":53}},"1":{"start":{"line":4,"column":36},"end":{"line":26,"column":1}},"2":{"start":{"line":5,"column":4},"end":{"line":25,"column":6}},"3":{"start":{"line":6,"column":8},"end":{"line":6,"column":80}},"4":{"start":{"line":6,"column":58},"end":{"line":6,"column":77}},"5":{"start":{"line":8,"column":23},"end":{"line":8,"column":44}},"6":{"start":{"line":9,"column":8},"end":{"line":11,"column":null}},"7":{"start":{"line":10,"column":12},"end":{"line":10,"column":26}},"8":{"start":{"line":13,"column":58},"end":{"line":13,"column":60}},"9":{"start":{"line":14,"column":8},"end":{"line":19,"column":11}},"10":{"start":{"line":15,"column":12},"end":{"line":17,"column":null}},"11":{"start":{"line":16,"column":16},"end":{"line":16,"column":48}},"12":{"start":{"line":18,"column":12},"end":{"line":18,"column":53}},"13":{"start":{"line":21,"column":8},"end":{"line":24,"column":11}},"14":{"start":{"line":4,"column":13},"end":{"line":4,"column":36}}},"fnMap":{"0":{"name":"(anonymous_0)","decl":{"start":{"line":4,"column":36},"end":{"line":4,"column":37}},"loc":{"start":{"line":4,"column":59},"end":{"line":26,"column":1}}},"1":{"name":"(anonymous_1)","decl":{"start":{"line":5,"column":11},"end":{"line":5,"column":16}},"loc":{"start":{"line":5,"column":69},"end":{"line":25,"column":5}}},"2":{"name":"(anonymous_2)","decl":{"start":{"line":6,"column":42},"end":{"line":6,"column":43}},"loc":{"start":{"line":6,"column":58},"end":{"line":6,"column":77}}},"3":{"name":"(anonymous_3)","decl":{"start":{"line":14,"column":27},"end":{"line":14,"column":28}},"loc":{"start":{"line":14,"column":35},"end":{"line":19,"column":9}}}},"branchMap":{"0":{"loc":{"start":{"line":9,"column":8},"end":{"line":11,"column":null}},"type":"if","locations":[{"start":{"line":9,"column":8},"end":{"line":11,"column":null}}]},"1":{"loc":{"start":{"line":15,"column":12},"end":{"line":17,"column":null}},"type":"if","locations":[{"start":{"line":15,"column":12},"end":{"line":17,"column":null}}]}},"s":{"0":3,"1":3,"2":0,"3":0,"4":0,"5":0,"6":0,"7":0,"8":0,"9":0,"10":0,"11":0,"12":0,"13":0,"14":3},"f":{"0":0,"1":0,"2":0,"3":0},"b":{"0":[0],"1":[0]}}
,"/Users/jarivancauwenberghe/Desktop/webservices/2025/frontendweb-2425-jarivancauwenberghe-1/src/data/data-source.ts": {"path":"/Users/jarivancauwenberghe/Desktop/webservices/2025/frontendweb-2425-jarivancauwenberghe-1/src/data/data-source.ts","statementMap":{"0":{"start":{"line":1,"column":0},"end":{"line":1,"column":56}},"1":{"start":{"line":2,"column":0},"end":{"line":2,"column":40}},"2":{"start":{"line":3,"column":0},"end":{"line":3,"column":42}},"3":{"start":{"line":4,"column":0},"end":{"line":4,"column":38}},"4":{"start":{"line":5,"column":0},"end":{"line":5,"column":23}},"5":{"start":{"line":6,"column":0},"end":{"line":6,"column":28}},"6":{"start":{"line":9,"column":17},"end":{"line":9,"column":34}},"7":{"start":{"line":12,"column":28},"end":{"line":12,"column":77}},"8":{"start":{"line":24,"column":17},"end":{"line":24,"column":55}},"9":{"start":{"line":27,"column":45},"end":{"line":42,"column":2}},"10":{"start":{"line":45,"column":13},"end":{"line":45,"column":60}},"11":{"start":{"line":48,"column":36},"end":{"line":55,"column":1}},"12":{"start":{"line":49,"column":4},"end":{"line":49,"column":34}},"13":{"start":{"line":50,"column":4},"end":{"line":50,"column":53}},"14":{"start":{"line":51,"column":4},"end":{"line":54,"column":null}},"15":{"start":{"line":52,"column":8},"end":{"line":52,"column":41}},"16":{"start":{"line":53,"column":8},"end":{"line":53,"column":63}},"17":{"start":{"line":48,"column":13},"end":{"line":48,"column":36}}},"fnMap":{"0":{"name":"(anonymous_1)","decl":{"start":{"line":48,"column":36},"end":{"line":48,"column":41}},"loc":{"start":{"line":48,"column":47},"end":{"line":55,"column":1}}}},"branchMap":{"0":{"loc":{"start":{"line":12,"column":28},"end":{"line":12,"column":77}},"type":"binary-expr","locations":[{"start":{"line":12,"column":28},"end":{"line":12,"column":54}},{"start":{"line":12,"column":58},"end":{"line":12,"column":77}}]},"1":{"loc":{"start":{"line":29,"column":10},"end":{"line":29,"column":46}},"type":"binary-expr","locations":[{"start":{"line":29,"column":10},"end":{"line":29,"column":29}},{"start":{"line":29,"column":33},"end":{"line":29,"column":46}}]},"2":{"loc":{"start":{"line":30,"column":10},"end":{"line":30,"column":75}},"type":"cond-expr","locations":[{"start":{"line":30,"column":32},"end":{"line":30,"column":59}},{"start":{"line":30,"column":62},"end":{"line":30,"column":75}}]},"3":{"loc":{"start":{"line":31,"column":14},"end":{"line":31,"column":58}},"type":"binary-expr","locations":[{"start":{"line":31,"column":14},"end":{"line":31,"column":37}},{"start":{"line":31,"column":41},"end":{"line":31,"column":58}}]},"4":{"loc":{"start":{"line":32,"column":14},"end":{"line":32,"column":58}},"type":"binary-expr","locations":[{"start":{"line":32,"column":14},"end":{"line":32,"column":37}},{"start":{"line":32,"column":41},"end":{"line":32,"column":58}}]},"5":{"loc":{"start":{"line":33,"column":14},"end":{"line":33,"column":50}},"type":"binary-expr","locations":[{"start":{"line":33,"column":14},"end":{"line":33,"column":33}},{"start":{"line":33,"column":37},"end":{"line":33,"column":50}}]},"6":{"loc":{"start":{"line":51,"column":4},"end":{"line":54,"column":null}},"type":"if","locations":[{"start":{"line":51,"column":4},"end":{"line":54,"column":null}}]}},"s":{"0":3,"1":3,"2":3,"3":3,"4":3,"5":3,"6":3,"7":3,"8":3,"9":3,"10":3,"11":3,"12":3,"13":0,"14":0,"15":0,"16":0,"17":3},"f":{"0":3},"b":{"0":[3,3],"1":[3,0],"2":[3,0],"3":[3,3],"4":[3,0],"5":[3,0],"6":[0]}}
,"/Users/jarivancauwenberghe/Desktop/webservices/2025/frontendweb-2425-jarivancauwenberghe-1/src/data/mock_data.ts": {"path":"/Users/jarivancauwenberghe/Desktop/webservices/2025/frontendweb-2425-jarivancauwenberghe-1/src/data/mock_data.ts","statementMap":{"0":{"start":{"line":1,"column":0},"end":{"line":1,"column":43}},"1":{"start":{"line":2,"column":0},"end":{"line":2,"column":40}},"2":{"start":{"line":3,"column":0},"end":{"line":3,"column":42}},"3":{"start":{"line":4,"column":0},"end":{"line":4,"column":38}},"4":{"start":{"line":5,"column":0},"end":{"line":5,"column":28}},"5":{"start":{"line":7,"column":32},"end":{"line":47,"column":1}},"6":{"start":{"line":8,"column":27},"end":{"line":8,"column":57}},"7":{"start":{"line":9,"column":28},"end":{"line":9,"column":59}},"8":{"start":{"line":10,"column":29},"end":{"line":10,"column":61}},"9":{"start":{"line":12,"column":21},"end":{"line":12,"column":48}},"10":{"start":{"line":13,"column":4},"end":{"line":20,"column":null}},"11":{"start":{"line":14,"column":22},"end":{"line":18,"column":10}},"12":{"start":{"line":19,"column":8},"end":{"line":19,"column":54}},"13":{"start":{"line":22,"column":22},"end":{"line":22,"column":50}},"14":{"start":{"line":23,"column":4},"end":{"line":30,"column":null}},"15":{"start":{"line":24,"column":23},"end":{"line":28,"column":10}},"16":{"start":{"line":29,"column":8},"end":{"line":29,"column":57}},"17":{"start":{"line":32,"column":23},"end":{"line":32,"column":52}},"18":{"start":{"line":33,"column":4},"end":{"line":40,"column":null}},"19":{"start":{"line":34,"column":24},"end":{"line":38,"column":10}},"20":{"start":{"line":39,"column":8},"end":{"line":39,"column":60}},"21":{"start":{"line":42,"column":4},"end":{"line":46,"column":6}},"22":{"start":{"line":43,"column":40},"end":{"line":43,"column":47}},"23":{"start":{"line":44,"column":43},"end":{"line":44,"column":51}},"24":{"start":{"line":45,"column":46},"end":{"line":45,"column":55}},"25":{"start":{"line":7,"column":13},"end":{"line":7,"column":32}}},"fnMap":{"0":{"name":"(anonymous_1)","decl":{"start":{"line":7,"column":32},"end":{"line":7,"column":37}},"loc":{"start":{"line":7,"column":43},"end":{"line":47,"column":1}}},"1":{"name":"(anonymous_2)","decl":{"start":{"line":43,"column":32},"end":{"line":43,"column":36}},"loc":{"start":{"line":43,"column":40},"end":{"line":43,"column":47}}},"2":{"name":"(anonymous_3)","decl":{"start":{"line":44,"column":34},"end":{"line":44,"column":39}},"loc":{"start":{"line":44,"column":43},"end":{"line":44,"column":51}}},"3":{"name":"(anonymous_4)","decl":{"start":{"line":45,"column":36},"end":{"line":45,"column":42}},"loc":{"start":{"line":45,"column":46},"end":{"line":45,"column":55}}}},"branchMap":{"0":{"loc":{"start":{"line":13,"column":4},"end":{"line":20,"column":null}},"type":"if","locations":[{"start":{"line":13,"column":4},"end":{"line":20,"column":null}}]},"1":{"loc":{"start":{"line":23,"column":4},"end":{"line":30,"column":null}},"type":"if","locations":[{"start":{"line":23,"column":4},"end":{"line":30,"column":null}}]},"2":{"loc":{"start":{"line":33,"column":4},"end":{"line":40,"column":null}},"type":"if","locations":[{"start":{"line":33,"column":4},"end":{"line":40,"column":null}}]}},"s":{"0":3,"1":3,"2":3,"3":3,"4":3,"5":3,"6":0,"7":0,"8":0,"9":0,"10":0,"11":0,"12":0,"13":0,"14":0,"15":0,"16":0,"17":0,"18":0,"19":0,"20":0,"21":0,"22":0,"23":0,"24":0,"25":3},"f":{"0":0,"1":0,"2":0,"3":0},"b":{"0":[0],"1":[0],"2":[0]}}
,"/Users/jarivancauwenberghe/Desktop/webservices/2025/frontendweb-2425-jarivancauwenberghe-1/src/entity/movie.ts": {"path":"/Users/jarivancauwenberghe/Desktop/webservices/2025/frontendweb-2425-jarivancauwenberghe-1/src/entity/movie.ts","statementMap":{"0":{"start":{"line":1,"column":0},"end":{"line":1,"column":76}},"1":{"start":{"line":2,"column":0},"end":{"line":2,"column":34}},"2":{"start":{"line":3,"column":0},"end":{"line":3,"column":53}},"3":{"start":{"line":6,"column":7},"end":{"line":25,"column":null}},"4":{"start":{"line":7,"column":4},"end":{"line":8,"column":null}},"5":{"start":{"line":10,"column":4},"end":{"line":13,"column":null}},"6":{"start":{"line":15,"column":4},"end":{"line":17,"column":null}},"7":{"start":{"line":19,"column":4},"end":{"line":21,"column":null}},"8":{"start":{"line":23,"column":4},"end":{"line":24,"column":null}},"9":{"start":{"line":23,"column":21},"end":{"line":23,"column":27}},"10":{"start":{"line":23,"column":39},"end":{"line":23,"column":51}},"11":{"start":{"line":6,"column":13},"end":{"line":25,"column":null}},"12":{"start":{"line":6,"column":13},"end":{"line":6,"column":18}}},"fnMap":{"0":{"name":"(anonymous_2)","decl":{"start":{"line":23,"column":15},"end":{"line":23,"column":18}},"loc":{"start":{"line":23,"column":21},"end":{"line":23,"column":27}}},"1":{"name":"(anonymous_3)","decl":{"start":{"line":23,"column":29},"end":{"line":23,"column":35}},"loc":{"start":{"line":23,"column":39},"end":{"line":23,"column":51}}}},"branchMap":{},"s":{"0":3,"1":3,"2":3,"3":3,"4":3,"5":3,"6":3,"7":3,"8":3,"9":0,"10":0,"11":3,"12":3},"f":{"0":0,"1":0},"b":{}}
,"/Users/jarivancauwenberghe/Desktop/webservices/2025/frontendweb-2425-jarivancauwenberghe-1/src/entity/review.ts": {"path":"/Users/jarivancauwenberghe/Desktop/webservices/2025/frontendweb-2425-jarivancauwenberghe-1/src/entity/review.ts","statementMap":{"0":{"start":{"line":1,"column":0},"end":{"line":1,"column":76}},"1":{"start":{"line":2,"column":0},"end":{"line":2,"column":30}},"2":{"start":{"line":3,"column":0},"end":{"line":3,"column":32}},"3":{"start":{"line":4,"column":0},"end":{"line":4,"column":72}},"4":{"start":{"line":7,"column":7},"end":{"line":27,"column":null}},"5":{"start":{"line":8,"column":4},"end":{"line":9,"column":null}},"6":{"start":{"line":11,"column":4},"end":{"line":15,"column":null}},"7":{"start":{"line":17,"column":4},"end":{"line":20,"column":null}},"8":{"start":{"line":22,"column":4},"end":{"line":23,"column":null}},"9":{"start":{"line":22,"column":21},"end":{"line":22,"column":25}},"10":{"start":{"line":22,"column":35},"end":{"line":22,"column":47}},"11":{"start":{"line":25,"column":4},"end":{"line":26,"column":null}},"12":{"start":{"line":25,"column":21},"end":{"line":25,"column":26}},"13":{"start":{"line":25,"column":37},"end":{"line":25,"column":50}},"14":{"start":{"line":7,"column":13},"end":{"line":27,"column":null}},"15":{"start":{"line":7,"column":13},"end":{"line":7,"column":19}}},"fnMap":{"0":{"name":"(anonymous_2)","decl":{"start":{"line":22,"column":15},"end":{"line":22,"column":18}},"loc":{"start":{"line":22,"column":21},"end":{"line":22,"column":25}}},"1":{"name":"(anonymous_3)","decl":{"start":{"line":22,"column":27},"end":{"line":22,"column":31}},"loc":{"start":{"line":22,"column":35},"end":{"line":22,"column":47}}},"2":{"name":"(anonymous_4)","decl":{"start":{"line":25,"column":15},"end":{"line":25,"column":18}},"loc":{"start":{"line":25,"column":21},"end":{"line":25,"column":26}}},"3":{"name":"(anonymous_5)","decl":{"start":{"line":25,"column":28},"end":{"line":25,"column":33}},"loc":{"start":{"line":25,"column":37},"end":{"line":25,"column":50}}}},"branchMap":{},"s":{"0":3,"1":3,"2":3,"3":3,"4":3,"5":3,"6":3,"7":3,"8":3,"9":0,"10":0,"11":3,"12":0,"13":0,"14":3,"15":3},"f":{"0":0,"1":0,"2":0,"3":0},"b":{}}
,"/Users/jarivancauwenberghe/Desktop/webservices/2025/frontendweb-2425-jarivancauwenberghe-1/src/entity/user.ts": {"path":"/Users/jarivancauwenberghe/Desktop/webservices/2025/frontendweb-2425-jarivancauwenberghe-1/src/entity/user.ts","statementMap":{"0":{"start":{"line":1,"column":0},"end":{"line":1,"column":76}},"1":{"start":{"line":2,"column":0},"end":{"line":2,"column":34}},"2":{"start":{"line":3,"column":0},"end":{"line":3,"column":81}},"3":{"start":{"line":4,"column":0},"end":{"line":4,"column":44}},"4":{"start":{"line":7,"column":7},"end":{"line":29,"column":null}},"5":{"start":{"line":8,"column":4},"end":{"line":9,"column":null}},"6":{"start":{"line":11,"column":4},"end":{"line":14,"column":null}},"7":{"start":{"line":16,"column":4},"end":{"line":21,"column":null}},"8":{"start":{"line":23,"column":4},"end":{"line":25,"column":null}},"9":{"start":{"line":27,"column":4},"end":{"line":28,"column":null}},"10":{"start":{"line":27,"column":21},"end":{"line":27,"column":27}},"11":{"start":{"line":27,"column":39},"end":{"line":27,"column":50}},"12":{"start":{"line":7,"column":13},"end":{"line":29,"column":null}},"13":{"start":{"line":7,"column":13},"end":{"line":7,"column":17}}},"fnMap":{"0":{"name":"(anonymous_2)","decl":{"start":{"line":27,"column":15},"end":{"line":27,"column":18}},"loc":{"start":{"line":27,"column":21},"end":{"line":27,"column":27}}},"1":{"name":"(anonymous_3)","decl":{"start":{"line":27,"column":29},"end":{"line":27,"column":35}},"loc":{"start":{"line":27,"column":39},"end":{"line":27,"column":50}}}},"branchMap":{},"s":{"0":3,"1":3,"2":3,"3":3,"4":3,"5":3,"6":3,"7":3,"8":3,"9":3,"10":0,"11":0,"12":3,"13":3},"f":{"0":0,"1":0},"b":{}}
,"/Users/jarivancauwenberghe/Desktop/webservices/2025/frontendweb-2425-jarivancauwenberghe-1/src/rest/movieController.ts": {"path":"/Users/jarivancauwenberghe/Desktop/webservices/2025/frontendweb-2425-jarivancauwenberghe-1/src/rest/movieController.ts","statementMap":{"0":{"start":{"line":2,"column":0},"end":{"line":2,"column":56}},"1":{"start":{"line":3,"column":0},"end":{"line":3,"column":52}},"2":{"start":{"line":4,"column":0},"end":{"line":4,"column":68}},"3":{"start":{"line":5,"column":0},"end":{"line":5,"column":41}},"4":{"start":{"line":9,"column":8},"end":{"line":14,"column":null}},"5":{"start":{"line":10,"column":27},"end":{"line":10,"column":60}},"6":{"start":{"line":11,"column":12},"end":{"line":11,"column":41}},"7":{"start":{"line":13,"column":12},"end":{"line":13,"column":47}},"8":{"start":{"line":18,"column":8},"end":{"line":23,"column":null}},"9":{"start":{"line":19,"column":26},"end":{"line":19,"column":72}},"10":{"start":{"line":20,"column":12},"end":{"line":20,"column":40}},"11":{"start":{"line":22,"column":12},"end":{"line":22,"column":47}},"12":{"start":{"line":27,"column":8},"end":{"line":38,"column":11}},"13":{"start":{"line":32,"column":12},"end":{"line":37,"column":null}},"14":{"start":{"line":33,"column":30},"end":{"line":33,"column":70}},"15":{"start":{"line":34,"column":16},"end":{"line":34,"column":44}},"16":{"start":{"line":36,"column":16},"end":{"line":36,"column":51}},"17":{"start":{"line":42,"column":8},"end":{"line":53,"column":11}},"18":{"start":{"line":47,"column":12},"end":{"line":52,"column":null}},"19":{"start":{"line":48,"column":30},"end":{"line":48,"column":89}},"20":{"start":{"line":49,"column":16},"end":{"line":49,"column":44}},"21":{"start":{"line":51,"column":16},"end":{"line":51,"column":51}},"22":{"start":{"line":57,"column":8},"end":{"line":62,"column":null}},"23":{"start":{"line":58,"column":12},"end":{"line":58,"column":62}},"24":{"start":{"line":59,"column":12},"end":{"line":59,"column":35}},"25":{"start":{"line":61,"column":12},"end":{"line":61,"column":47}},"26":{"start":{"line":7,"column":0},"end":{"line":7,"column":13}}},"fnMap":{"0":{"name":"(anonymous_0)","decl":{"start":{"line":8,"column":4},"end":{"line":8,"column":10}},"loc":{"start":{"line":8,"column":54},"end":{"line":15,"column":5}}},"1":{"name":"(anonymous_1)","decl":{"start":{"line":17,"column":4},"end":{"line":17,"column":10}},"loc":{"start":{"line":17,"column":57},"end":{"line":24,"column":5}}},"2":{"name":"(anonymous_2)","decl":{"start":{"line":26,"column":4},"end":{"line":26,"column":10}},"loc":{"start":{"line":26,"column":56},"end":{"line":39,"column":5}}},"3":{"name":"(anonymous_3)","decl":{"start":{"line":31,"column":21},"end":{"line":31,"column":26}},"loc":{"start":{"line":31,"column":32},"end":{"line":38,"column":9}}},"4":{"name":"(anonymous_4)","decl":{"start":{"line":41,"column":4},"end":{"line":41,"column":10}},"loc":{"start":{"line":41,"column":60},"end":{"line":54,"column":5}}},"5":{"name":"(anonymous_5)","decl":{"start":{"line":46,"column":21},"end":{"line":46,"column":26}},"loc":{"start":{"line":46,"column":32},"end":{"line":53,"column":9}}},"6":{"name":"(anonymous_6)","decl":{"start":{"line":56,"column":4},"end":{"line":56,"column":10}},"loc":{"start":{"line":56,"column":60},"end":{"line":63,"column":5}}}},"branchMap":{},"s":{"0":3,"1":3,"2":3,"3":3,"4":0,"5":0,"6":0,"7":0,"8":0,"9":0,"10":0,"11":0,"12":0,"13":0,"14":0,"15":0,"16":0,"17":0,"18":0,"19":0,"20":0,"21":0,"22":0,"23":0,"24":0,"25":0,"26":3},"f":{"0":0,"1":0,"2":0,"3":0,"4":0,"5":0,"6":0},"b":{}}
,"/Users/jarivancauwenberghe/Desktop/webservices/2025/frontendweb-2425-jarivancauwenberghe-1/src/rest/reviewController.ts": {"path":"/Users/jarivancauwenberghe/Desktop/webservices/2025/frontendweb-2425-jarivancauwenberghe-1/src/rest/reviewController.ts","statementMap":{"0":{"start":{"line":2,"column":0},"end":{"line":2,"column":58}},"1":{"start":{"line":3,"column":0},"end":{"line":3,"column":52}},"2":{"start":{"line":4,"column":0},"end":{"line":4,"column":68}},"3":{"start":{"line":5,"column":0},"end":{"line":5,"column":41}},"4":{"start":{"line":9,"column":8},"end":{"line":14,"column":null}},"5":{"start":{"line":10,"column":28},"end":{"line":10,"column":63}},"6":{"start":{"line":11,"column":12},"end":{"line":11,"column":42}},"7":{"start":{"line":13,"column":12},"end":{"line":13,"column":47}},"8":{"start":{"line":18,"column":8},"end":{"line":23,"column":null}},"9":{"start":{"line":19,"column":27},"end":{"line":19,"column":75}},"10":{"start":{"line":20,"column":12},"end":{"line":20,"column":41}},"11":{"start":{"line":22,"column":12},"end":{"line":22,"column":47}},"12":{"start":{"line":27,"column":8},"end":{"line":37,"column":11}},"13":{"start":{"line":31,"column":12},"end":{"line":36,"column":null}},"14":{"start":{"line":32,"column":31},"end":{"line":32,"column":73}},"15":{"start":{"line":33,"column":16},"end":{"line":33,"column":45}},"16":{"start":{"line":35,"column":16},"end":{"line":35,"column":51}},"17":{"start":{"line":41,"column":8},"end":{"line":51,"column":11}},"18":{"start":{"line":45,"column":12},"end":{"line":50,"column":null}},"19":{"start":{"line":46,"column":31},"end":{"line":46,"column":92}},"20":{"start":{"line":47,"column":16},"end":{"line":47,"column":45}},"21":{"start":{"line":49,"column":16},"end":{"line":49,"column":51}},"22":{"start":{"line":55,"column":8},"end":{"line":60,"column":null}},"23":{"start":{"line":56,"column":12},"end":{"line":56,"column":64}},"24":{"start":{"line":57,"column":12},"end":{"line":57,"column":35}},"25":{"start":{"line":59,"column":12},"end":{"line":59,"column":47}},"26":{"start":{"line":7,"column":0},"end":{"line":7,"column":13}}},"fnMap":{"0":{"name":"(anonymous_0)","decl":{"start":{"line":8,"column":4},"end":{"line":8,"column":10}},"loc":{"start":{"line":8,"column":55},"end":{"line":15,"column":5}}},"1":{"name":"(anonymous_1)","decl":{"start":{"line":17,"column":4},"end":{"line":17,"column":10}},"loc":{"start":{"line":17,"column":58},"end":{"line":24,"column":5}}},"2":{"name":"(anonymous_2)","decl":{"start":{"line":26,"column":4},"end":{"line":26,"column":10}},"loc":{"start":{"line":26,"column":57},"end":{"line":38,"column":5}}},"3":{"name":"(anonymous_3)","decl":{"start":{"line":30,"column":21},"end":{"line":30,"column":26}},"loc":{"start":{"line":30,"column":32},"end":{"line":37,"column":9}}},"4":{"name":"(anonymous_4)","decl":{"start":{"line":40,"column":4},"end":{"line":40,"column":10}},"loc":{"start":{"line":40,"column":61},"end":{"line":52,"column":5}}},"5":{"name":"(anonymous_5)","decl":{"start":{"line":44,"column":21},"end":{"line":44,"column":26}},"loc":{"start":{"line":44,"column":32},"end":{"line":51,"column":9}}},"6":{"name":"(anonymous_6)","decl":{"start":{"line":54,"column":4},"end":{"line":54,"column":10}},"loc":{"start":{"line":54,"column":61},"end":{"line":61,"column":5}}}},"branchMap":{},"s":{"0":3,"1":3,"2":3,"3":3,"4":0,"5":0,"6":0,"7":0,"8":0,"9":0,"10":0,"11":0,"12":0,"13":0,"14":0,"15":0,"16":0,"17":0,"18":0,"19":0,"20":0,"21":0,"22":0,"23":0,"24":0,"25":0,"26":3},"f":{"0":0,"1":0,"2":0,"3":0,"4":0,"5":0,"6":0},"b":{}}
,"/Users/jarivancauwenberghe/Desktop/webservices/2025/frontendweb-2425-jarivancauwenberghe-1/src/rest/userController.ts": {"path":"/Users/jarivancauwenberghe/Desktop/webservices/2025/frontendweb-2425-jarivancauwenberghe-1/src/rest/userController.ts","statementMap":{"0":{"start":{"line":2,"column":0},"end":{"line":2,"column":54}},"1":{"start":{"line":3,"column":0},"end":{"line":3,"column":52}},"2":{"start":{"line":4,"column":0},"end":{"line":4,"column":68}},"3":{"start":{"line":5,"column":0},"end":{"line":5,"column":41}},"4":{"start":{"line":9,"column":8},"end":{"line":14,"column":null}},"5":{"start":{"line":10,"column":26},"end":{"line":10,"column":57}},"6":{"start":{"line":11,"column":12},"end":{"line":11,"column":40}},"7":{"start":{"line":13,"column":12},"end":{"line":13,"column":47}},"8":{"start":{"line":18,"column":8},"end":{"line":23,"column":null}},"9":{"start":{"line":19,"column":25},"end":{"line":19,"column":69}},"10":{"start":{"line":20,"column":12},"end":{"line":20,"column":39}},"11":{"start":{"line":22,"column":12},"end":{"line":22,"column":47}},"12":{"start":{"line":27,"column":8},"end":{"line":40,"column":11}},"13":{"start":{"line":34,"column":12},"end":{"line":39,"column":null}},"14":{"start":{"line":35,"column":29},"end":{"line":35,"column":67}},"15":{"start":{"line":36,"column":16},"end":{"line":36,"column":43}},"16":{"start":{"line":38,"column":16},"end":{"line":38,"column":51}},"17":{"start":{"line":44,"column":8},"end":{"line":56,"column":11}},"18":{"start":{"line":50,"column":12},"end":{"line":55,"column":null}},"19":{"start":{"line":51,"column":29},"end":{"line":51,"column":86}},"20":{"start":{"line":52,"column":16},"end":{"line":52,"column":43}},"21":{"start":{"line":54,"column":16},"end":{"line":54,"column":51}},"22":{"start":{"line":60,"column":8},"end":{"line":65,"column":null}},"23":{"start":{"line":61,"column":12},"end":{"line":61,"column":60}},"24":{"start":{"line":62,"column":12},"end":{"line":62,"column":35}},"25":{"start":{"line":64,"column":12},"end":{"line":64,"column":47}},"26":{"start":{"line":7,"column":0},"end":{"line":7,"column":13}}},"fnMap":{"0":{"name":"(anonymous_0)","decl":{"start":{"line":8,"column":4},"end":{"line":8,"column":10}},"loc":{"start":{"line":8,"column":53},"end":{"line":15,"column":5}}},"1":{"name":"(anonymous_1)","decl":{"start":{"line":17,"column":4},"end":{"line":17,"column":10}},"loc":{"start":{"line":17,"column":56},"end":{"line":24,"column":5}}},"2":{"name":"(anonymous_2)","decl":{"start":{"line":26,"column":4},"end":{"line":26,"column":10}},"loc":{"start":{"line":26,"column":55},"end":{"line":41,"column":5}}},"3":{"name":"(anonymous_3)","decl":{"start":{"line":33,"column":21},"end":{"line":33,"column":26}},"loc":{"start":{"line":33,"column":32},"end":{"line":40,"column":9}}},"4":{"name":"(anonymous_4)","decl":{"start":{"line":43,"column":4},"end":{"line":43,"column":10}},"loc":{"start":{"line":43,"column":59},"end":{"line":57,"column":5}}},"5":{"name":"(anonymous_5)","decl":{"start":{"line":49,"column":21},"end":{"line":49,"column":26}},"loc":{"start":{"line":49,"column":32},"end":{"line":56,"column":9}}},"6":{"name":"(anonymous_6)","decl":{"start":{"line":59,"column":4},"end":{"line":59,"column":10}},"loc":{"start":{"line":59,"column":59},"end":{"line":66,"column":5}}}},"branchMap":{},"s":{"0":3,"1":3,"2":3,"3":3,"4":0,"5":0,"6":0,"7":0,"8":0,"9":0,"10":0,"11":0,"12":0,"13":0,"14":0,"15":0,"16":0,"17":0,"18":0,"19":0,"20":0,"21":0,"22":0,"23":0,"24":0,"25":0,"26":3},"f":{"0":0,"1":0,"2":0,"3":0,"4":0,"5":0,"6":0},"b":{}}
,"/Users/jarivancauwenberghe/Desktop/webservices/2025/frontendweb-2425-jarivancauwenberghe-1/src/services/movieService.ts": {"path":"/Users/jarivancauwenberghe/Desktop/webservices/2025/frontendweb-2425-jarivancauwenberghe-1/src/services/movieService.ts","statementMap":{"0":{"start":{"line":2,"column":0},"end":{"line":2,"column":40}},"1":{"start":{"line":3,"column":0},"end":{"line":3,"column":49}},"2":{"start":{"line":4,"column":0},"end":{"line":4,"column":52}},"3":{"start":{"line":6,"column":43},"end":{"line":6,"column":74}},"4":{"start":{"line":10,"column":8},"end":{"line":10,"column":44}},"5":{"start":{"line":14,"column":22},"end":{"line":14,"column":75}},"6":{"start":{"line":15,"column":8},"end":{"line":17,"column":null}},"7":{"start":{"line":16,"column":12},"end":{"line":16,"column":59}},"8":{"start":{"line":18,"column":8},"end":{"line":18,"column":21}},"9":{"start":{"line":22,"column":8},"end":{"line":24,"column":null}},"10":{"start":{"line":23,"column":12},"end":{"line":23,"column":76}},"11":{"start":{"line":26,"column":22},"end":{"line":26,"column":55}},"12":{"start":{"line":27,"column":8},"end":{"line":27,"column":49}},"13":{"start":{"line":31,"column":22},"end":{"line":31,"column":49}},"14":{"start":{"line":32,"column":8},"end":{"line":34,"column":null}},"15":{"start":{"line":33,"column":12},"end":{"line":33,"column":59}},"16":{"start":{"line":36,"column":8},"end":{"line":38,"column":null}},"17":{"start":{"line":37,"column":12},"end":{"line":37,"column":75}},"18":{"start":{"line":40,"column":8},"end":{"line":40,"column":40}},"19":{"start":{"line":41,"column":8},"end":{"line":41,"column":49}},"20":{"start":{"line":45,"column":22},"end":{"line":45,"column":49}},"21":{"start":{"line":46,"column":8},"end":{"line":48,"column":null}},"22":{"start":{"line":47,"column":12},"end":{"line":47,"column":59}},"23":{"start":{"line":50,"column":8},"end":{"line":50,"column":44}},"24":{"start":{"line":51,"column":8},"end":{"line":51,"column":20}},"25":{"start":{"line":8,"column":0},"end":{"line":8,"column":13}}},"fnMap":{"0":{"name":"(anonymous_0)","decl":{"start":{"line":9,"column":4},"end":{"line":9,"column":10}},"loc":{"start":{"line":9,"column":29},"end":{"line":11,"column":5}}},"1":{"name":"(anonymous_1)","decl":{"start":{"line":13,"column":4},"end":{"line":13,"column":10}},"loc":{"start":{"line":13,"column":40},"end":{"line":19,"column":5}}},"2":{"name":"(anonymous_2)","decl":{"start":{"line":21,"column":4},"end":{"line":21,"column":10}},"loc":{"start":{"line":21,"column":54},"end":{"line":28,"column":5}}},"3":{"name":"(anonymous_3)","decl":{"start":{"line":30,"column":4},"end":{"line":30,"column":10}},"loc":{"start":{"line":30,"column":70},"end":{"line":42,"column":5}}},"4":{"name":"(anonymous_4)","decl":{"start":{"line":44,"column":4},"end":{"line":44,"column":10}},"loc":{"start":{"line":44,"column":43},"end":{"line":52,"column":5}}}},"branchMap":{"0":{"loc":{"start":{"line":15,"column":8},"end":{"line":17,"column":null}},"type":"if","locations":[{"start":{"line":15,"column":8},"end":{"line":17,"column":null}}]},"1":{"loc":{"start":{"line":22,"column":8},"end":{"line":24,"column":null}},"type":"if","locations":[{"start":{"line":22,"column":8},"end":{"line":24,"column":null}}]},"2":{"loc":{"start":{"line":22,"column":12},"end":{"line":22,"column":77}},"type":"binary-expr","locations":[{"start":{"line":22,"column":12},"end":{"line":22,"column":28}},{"start":{"line":22,"column":32},"end":{"line":22,"column":54}},{"start":{"line":22,"column":58},"end":{"line":22,"column":77}}]},"3":{"loc":{"start":{"line":32,"column":8},"end":{"line":34,"column":null}},"type":"if","locations":[{"start":{"line":32,"column":8},"end":{"line":34,"column":null}}]},"4":{"loc":{"start":{"line":36,"column":8},"end":{"line":38,"column":null}},"type":"if","locations":[{"start":{"line":36,"column":8},"end":{"line":38,"column":null}}]},"5":{"loc":{"start":{"line":36,"column":12},"end":{"line":36,"column":116}},"type":"binary-expr","locations":[{"start":{"line":36,"column":12},"end":{"line":36,"column":41}},{"start":{"line":36,"column":45},"end":{"line":36,"column":80}},{"start":{"line":36,"column":84},"end":{"line":36,"column":116}}]},"6":{"loc":{"start":{"line":46,"column":8},"end":{"line":48,"column":null}},"type":"if","locations":[{"start":{"line":46,"column":8},"end":{"line":48,"column":null}}]}},"s":{"0":3,"1":3,"2":3,"3":3,"4":0,"5":0,"6":0,"7":0,"8":0,"9":0,"10":0,"11":0,"12":0,"13":0,"14":0,"15":0,"16":0,"17":0,"18":0,"19":0,"20":0,"21":0,"22":0,"23":0,"24":0,"25":3},"f":{"0":0,"1":0,"2":0,"3":0,"4":0},"b":{"0":[0],"1":[0],"2":[0,0,0],"3":[0],"4":[0],"5":[0,0,0],"6":[0]}}
,"/Users/jarivancauwenberghe/Desktop/webservices/2025/frontendweb-2425-jarivancauwenberghe-1/src/services/reviewService.ts": {"path":"/Users/jarivancauwenberghe/Desktop/webservices/2025/frontendweb-2425-jarivancauwenberghe-1/src/services/reviewService.ts","statementMap":{"0":{"start":{"line":2,"column":0},"end":{"line":2,"column":42}},"1":{"start":{"line":3,"column":0},"end":{"line":3,"column":49}},"2":{"start":{"line":4,"column":0},"end":{"line":4,"column":52}},"3":{"start":{"line":6,"column":45},"end":{"line":6,"column":77}},"4":{"start":{"line":10,"column":8},"end":{"line":10,"column":45}},"5":{"start":{"line":14,"column":23},"end":{"line":14,"column":77}},"6":{"start":{"line":15,"column":8},"end":{"line":17,"column":null}},"7":{"start":{"line":16,"column":12},"end":{"line":16,"column":60}},"8":{"start":{"line":18,"column":8},"end":{"line":18,"column":22}},"9":{"start":{"line":22,"column":8},"end":{"line":24,"column":null}},"10":{"start":{"line":23,"column":12},"end":{"line":23,"column":82}},"11":{"start":{"line":26,"column":8},"end":{"line":28,"column":null}},"12":{"start":{"line":27,"column":12},"end":{"line":27,"column":77}},"13":{"start":{"line":30,"column":23},"end":{"line":30,"column":58}},"14":{"start":{"line":31,"column":8},"end":{"line":31,"column":51}},"15":{"start":{"line":35,"column":23},"end":{"line":35,"column":51}},"16":{"start":{"line":36,"column":8},"end":{"line":38,"column":null}},"17":{"start":{"line":37,"column":12},"end":{"line":37,"column":60}},"18":{"start":{"line":40,"column":8},"end":{"line":42,"column":null}},"19":{"start":{"line":41,"column":12},"end":{"line":41,"column":82}},"20":{"start":{"line":44,"column":8},"end":{"line":44,"column":42}},"21":{"start":{"line":45,"column":8},"end":{"line":45,"column":51}},"22":{"start":{"line":49,"column":23},"end":{"line":49,"column":51}},"23":{"start":{"line":50,"column":8},"end":{"line":52,"column":null}},"24":{"start":{"line":51,"column":12},"end":{"line":51,"column":60}},"25":{"start":{"line":54,"column":8},"end":{"line":54,"column":46}},"26":{"start":{"line":55,"column":8},"end":{"line":55,"column":20}},"27":{"start":{"line":8,"column":0},"end":{"line":8,"column":13}}},"fnMap":{"0":{"name":"(anonymous_0)","decl":{"start":{"line":9,"column":4},"end":{"line":9,"column":10}},"loc":{"start":{"line":9,"column":30},"end":{"line":11,"column":5}}},"1":{"name":"(anonymous_1)","decl":{"start":{"line":13,"column":4},"end":{"line":13,"column":10}},"loc":{"start":{"line":13,"column":41},"end":{"line":19,"column":5}}},"2":{"name":"(anonymous_2)","decl":{"start":{"line":21,"column":4},"end":{"line":21,"column":10}},"loc":{"start":{"line":21,"column":57},"end":{"line":32,"column":5}}},"3":{"name":"(anonymous_3)","decl":{"start":{"line":34,"column":4},"end":{"line":34,"column":10}},"loc":{"start":{"line":34,"column":73},"end":{"line":46,"column":5}}},"4":{"name":"(anonymous_4)","decl":{"start":{"line":48,"column":4},"end":{"line":48,"column":10}},"loc":{"start":{"line":48,"column":44},"end":{"line":56,"column":5}}}},"branchMap":{"0":{"loc":{"start":{"line":15,"column":8},"end":{"line":17,"column":null}},"type":"if","locations":[{"start":{"line":15,"column":8},"end":{"line":17,"column":null}}]},"1":{"loc":{"start":{"line":22,"column":8},"end":{"line":24,"column":null}},"type":"if","locations":[{"start":{"line":22,"column":8},"end":{"line":24,"column":null}}]},"2":{"loc":{"start":{"line":22,"column":12},"end":{"line":22,"column":80}},"type":"binary-expr","locations":[{"start":{"line":22,"column":12},"end":{"line":22,"column":30}},{"start":{"line":22,"column":34},"end":{"line":22,"column":55}},{"start":{"line":22,"column":59},"end":{"line":22,"column":80}}]},"3":{"loc":{"start":{"line":26,"column":8},"end":{"line":28,"column":null}},"type":"if","locations":[{"start":{"line":26,"column":8},"end":{"line":28,"column":null}}]},"4":{"loc":{"start":{"line":26,"column":12},"end":{"line":26,"column":72}},"type":"binary-expr","locations":[{"start":{"line":26,"column":12},"end":{"line":26,"column":31}},{"start":{"line":26,"column":35},"end":{"line":26,"column":52}},{"start":{"line":26,"column":56},"end":{"line":26,"column":72}}]},"5":{"loc":{"start":{"line":36,"column":8},"end":{"line":38,"column":null}},"type":"if","locations":[{"start":{"line":36,"column":8},"end":{"line":38,"column":null}}]},"6":{"loc":{"start":{"line":40,"column":8},"end":{"line":42,"column":null}},"type":"if","locations":[{"start":{"line":40,"column":8},"end":{"line":42,"column":null}}]},"7":{"loc":{"start":{"line":40,"column":12},"end":{"line":40,"column":95}},"type":"binary-expr","locations":[{"start":{"line":40,"column":12},"end":{"line":40,"column":43}},{"start":{"line":40,"column":48},"end":{"line":40,"column":69}},{"start":{"line":40,"column":73},"end":{"line":40,"column":94}}]},"8":{"loc":{"start":{"line":50,"column":8},"end":{"line":52,"column":null}},"type":"if","locations":[{"start":{"line":50,"column":8},"end":{"line":52,"column":null}}]}},"s":{"0":3,"1":3,"2":3,"3":3,"4":0,"5":0,"6":0,"7":0,"8":0,"9":0,"10":0,"11":0,"12":0,"13":0,"14":0,"15":0,"16":0,"17":0,"18":0,"19":0,"20":0,"21":0,"22":0,"23":0,"24":0,"25":0,"26":0,"27":3},"f":{"0":0,"1":0,"2":0,"3":0,"4":0},"b":{"0":[0],"1":[0],"2":[0,0,0],"3":[0],"4":[0,0,0],"5":[0],"6":[0],"7":[0,0,0],"8":[0]}}
,"/Users/jarivancauwenberghe/Desktop/webservices/2025/frontendweb-2425-jarivancauwenberghe-1/src/services/userService.ts": {"path":"/Users/jarivancauwenberghe/Desktop/webservices/2025/frontendweb-2425-jarivancauwenberghe-1/src/services/userService.ts","statementMap":{"0":{"start":{"line":2,"column":0},"end":{"line":2,"column":38}},"1":{"start":{"line":3,"column":0},"end":{"line":3,"column":49}},"2":{"start":{"line":4,"column":0},"end":{"line":4,"column":52}},"3":{"start":{"line":5,"column":0},"end":{"line":5,"column":28}},"4":{"start":{"line":7,"column":41},"end":{"line":7,"column":71}},"5":{"start":{"line":11,"column":8},"end":{"line":11,"column":37}},"6":{"start":{"line":15,"column":21},"end":{"line":15,"column":73}},"7":{"start":{"line":16,"column":8},"end":{"line":18,"column":null}},"8":{"start":{"line":17,"column":12},"end":{"line":17,"column":58}},"9":{"start":{"line":19,"column":8},"end":{"line":19,"column":20}},"10":{"start":{"line":23,"column":8},"end":{"line":25,"column":null}},"11":{"start":{"line":24,"column":12},"end":{"line":24,"column":86}},"12":{"start":{"line":27,"column":8},"end":{"line":27,"column":69}},"13":{"start":{"line":28,"column":21},"end":{"line":28,"column":52}},"14":{"start":{"line":29,"column":8},"end":{"line":29,"column":41}},"15":{"start":{"line":33,"column":21},"end":{"line":33,"column":47}},"16":{"start":{"line":34,"column":8},"end":{"line":36,"column":null}},"17":{"start":{"line":35,"column":12},"end":{"line":35,"column":58}},"18":{"start":{"line":38,"column":8},"end":{"line":40,"column":null}},"19":{"start":{"line":39,"column":12},"end":{"line":39,"column":73}},"20":{"start":{"line":42,"column":8},"end":{"line":42,"column":38}},"21":{"start":{"line":43,"column":8},"end":{"line":43,"column":41}},"22":{"start":{"line":47,"column":21},"end":{"line":47,"column":47}},"23":{"start":{"line":48,"column":8},"end":{"line":50,"column":null}},"24":{"start":{"line":49,"column":12},"end":{"line":49,"column":58}},"25":{"start":{"line":52,"column":8},"end":{"line":52,"column":42}},"26":{"start":{"line":53,"column":8},"end":{"line":53,"column":20}},"27":{"start":{"line":9,"column":0},"end":{"line":9,"column":13}}},"fnMap":{"0":{"name":"(anonymous_1)","decl":{"start":{"line":10,"column":4},"end":{"line":10,"column":10}},"loc":{"start":{"line":10,"column":28},"end":{"line":12,"column":5}}},"1":{"name":"(anonymous_2)","decl":{"start":{"line":14,"column":4},"end":{"line":14,"column":10}},"loc":{"start":{"line":14,"column":39},"end":{"line":20,"column":5}}},"2":{"name":"(anonymous_3)","decl":{"start":{"line":22,"column":4},"end":{"line":22,"column":10}},"loc":{"start":{"line":22,"column":51},"end":{"line":30,"column":5}}},"3":{"name":"(anonymous_4)","decl":{"start":{"line":32,"column":4},"end":{"line":32,"column":10}},"loc":{"start":{"line":32,"column":67},"end":{"line":44,"column":5}}},"4":{"name":"(anonymous_5)","decl":{"start":{"line":46,"column":4},"end":{"line":46,"column":10}},"loc":{"start":{"line":46,"column":42},"end":{"line":54,"column":5}}}},"branchMap":{"0":{"loc":{"start":{"line":16,"column":8},"end":{"line":18,"column":null}},"type":"if","locations":[{"start":{"line":16,"column":8},"end":{"line":18,"column":null}}]},"1":{"loc":{"start":{"line":23,"column":8},"end":{"line":25,"column":null}},"type":"if","locations":[{"start":{"line":23,"column":8},"end":{"line":25,"column":null}}]},"2":{"loc":{"start":{"line":23,"column":12},"end":{"line":23,"column":52}},"type":"binary-expr","locations":[{"start":{"line":23,"column":12},"end":{"line":23,"column":30}},{"start":{"line":23,"column":34},"end":{"line":23,"column":52}}]},"3":{"loc":{"start":{"line":34,"column":8},"end":{"line":36,"column":null}},"type":"if","locations":[{"start":{"line":34,"column":8},"end":{"line":36,"column":null}}]},"4":{"loc":{"start":{"line":38,"column":8},"end":{"line":40,"column":null}},"type":"if","locations":[{"start":{"line":38,"column":8},"end":{"line":40,"column":null}}]},"5":{"loc":{"start":{"line":48,"column":8},"end":{"line":50,"column":null}},"type":"if","locations":[{"start":{"line":48,"column":8},"end":{"line":50,"column":null}}]}},"s":{"0":3,"1":3,"2":3,"3":3,"4":3,"5":0,"6":0,"7":0,"8":0,"9":0,"10":0,"11":0,"12":0,"13":0,"14":0,"15":0,"16":0,"17":0,"18":0,"19":0,"20":0,"21":0,"22":0,"23":0,"24":0,"25":0,"26":0,"27":3},"f":{"0":0,"1":0,"2":0,"3":0,"4":0},"b":{"0":[0],"1":[0],"2":[0,0],"3":[0],"4":[0],"5":[0]}}
}
